2025-08-15 21:52:44,063 - INFO - Starting API...
2025-08-15 21:54:45,222 - INFO - Starting API...
2025-08-15 21:54:49,146 - INFO - Requested to index page!
2025-08-15 21:56:38,618 - INFO - Starting API...
2025-08-15 21:56:39,749 - INFO - Requested to upload video...
2025-08-15 21:56:48,174 - INFO - Requested to index page...
2025-08-16 12:46:20,403 - INFO - Starting API...
2025-08-16 12:58:54,564 - INFO - Starting API...
2025-08-16 12:59:04,576 - INFO - Starting API...
2025-08-16 13:00:33,619 - INFO - Starting API...
2025-08-16 13:00:54,871 - INFO - {'url': '/', 'method': 'GET'}
2025-08-16 13:00:58,013 - INFO - {'url': '/', 'method': 'GET'}
2025-08-16 13:01:22,305 - INFO - {'url': '/upload_video', 'method': 'GET'}
2025-08-16 13:03:46,786 - INFO - Starting API...
2025-08-16 13:04:46,123 - INFO - Starting API...
2025-08-16 13:07:48,625 - INFO - Starting API...
2025-08-16 13:08:40,721 - INFO - Starting API...
2025-08-16 13:11:52,097 - INFO - Starting API...
2025-08-16 13:12:11,723 - INFO - Starting API...
2025-08-16 13:12:41,883 - INFO - Starting API...
2025-08-16 13:15:40,676 - INFO - Starting API...
2025-08-16 13:16:41,421 - INFO - Starting API...
2025-08-16 13:17:49,381 - INFO - {'url': '/', 'method': 'GET'}
2025-08-16 13:17:53,877 - INFO - {'url': '/', 'method': 'GET'}
2025-08-16 13:18:49,280 - INFO - request method info: {'url': '/', 'method': 'GET'}
2025-08-16 13:18:57,886 - INFO - request method info: {'url': '/', 'method': 'GET'}
2025-08-16 13:19:00,747 - INFO - request method info: {'url': '/', 'method': 'GET'}
2025-08-16 13:19:12,994 - INFO - Starting API...
2025-08-16 13:20:51,154 - INFO - Starting API...
2025-08-16 13:21:00,692 - INFO - Starting API...
2025-08-16 13:21:38,032 - INFO - Starting API...
2025-08-16 13:23:10,776 - INFO - Starting API...
2025-08-16 13:24:03,738 - INFO - Starting API...
2025-08-16 13:24:23,131 - INFO - Starting API...
2025-08-16 13:26:43,572 - INFO - Starting API...
2025-08-16 13:30:35,574 - INFO - Starting API...
2025-08-16 13:30:45,313 - INFO - Starting API...
2025-08-16 13:32:13,185 - INFO - Starting API...
2025-08-16 13:34:34,513 - INFO - Started APP...2025-08-16 13:41:16,764 - INFO - Started APP...
2025-08-16 13:52:05,032 - INFO - Started APP...
2025-08-16 13:52:34,957 - INFO - Started APP...
2025-08-16 13:53:28,741 - INFO - Started APP...
2025-08-16 13:55:53,530 - INFO - Started APP...
2025-08-16 13:57:50,447 - INFO - Started APP...
2025-08-16 14:00:41,618 - INFO - Started APP...
2025-08-16 14:25:56,016 - INFO - Started APP...
2025-08-16 14:37:00,749 - INFO - Started APP...
2025-08-16 14:38:36,987 - INFO - Started APP...
2025-08-16 15:12:14,893 - INFO - Started APP...
2025-08-16 15:12:23,909 - INFO - Started APP...
2025-08-16 15:12:25,599 - INFO - Started APP...
2025-08-16 15:12:30,870 - INFO - Started APP...
2025-08-16 15:12:38,058 - INFO - Started APP...
2025-08-16 15:12:41,845 - INFO - Started APP...
2025-08-16 15:12:44,568 - INFO - Started APP...
2025-08-16 15:12:47,327 - INFO - Started APP...
2025-08-16 15:12:59,709 - INFO - Started APP...
2025-08-16 16:40:33,585 - INFO - Started APP...
2025-08-16 16:44:34,784 - INFO - Started APP...
2025-08-16 16:45:34,580 - INFO - Started APP...
2025-08-16 16:48:26,903 - INFO - Started APP...
